TN:
SF:packages/react-frontend/src/Components/Form.jsx
FN:3,Form
FN:9,handleChange
FN:22,submitForm
FNF:3
FNH:3
FNDA:15,Form
FNDA:11,handleChange
FNDA:1,submitForm
DA:1,1
DA:2,1
DA:3,15
DA:4,15
DA:5,15
DA:6,15
DA:7,15
DA:8,15
DA:9,15
DA:10,11
DA:11,11
DA:12,1
DA:13,1
DA:14,11
DA:15,8
DA:16,8
DA:17,11
DA:18,2
DA:19,2
DA:20,11
DA:21,15
DA:22,15
DA:23,1
DA:24,1
DA:25,1
DA:26,15
DA:27,15
DA:28,15
DA:29,15
DA:30,15
DA:31,15
DA:32,15
DA:33,15
DA:34,15
DA:35,15
DA:36,15
DA:37,15
DA:38,15
DA:39,15
DA:40,15
DA:41,15
DA:42,15
DA:43,15
DA:44,15
DA:45,15
DA:46,15
DA:47,15
DA:48,15
DA:49,15
DA:50,15
DA:51,1
DA:52,1
LF:52
LH:52
BRDA:3,0,0,15
BRDA:9,1,0,11
BRDA:11,2,0,1
BRDA:14,3,0,8
BRDA:17,4,0,2
BRDA:22,5,0,1
BRF:6
BRH:6
end_of_record
